<?xml version="1.0" encoding="UTF-8"?>
<Site BuildName="(empty)"
	BuildStamp="20250106-0907-Experimental"
	Name="zn-sys-engineer-laptop"
	Generator="ctest-3.22.1"
	CompilerName="/usr/bin/clang++-15"
	CompilerVersion="15.0.7"
	OSName="Linux"
	Hostname="zn-sys-engineer-laptop"
	OSRelease="6.8.0-50-generic"
	OSVersion="#51~22.04.1-Ubuntu SMP PREEMPT_DYNAMIC Thu Nov 21 12:03:03 UTC 2"
	OSPlatform="x86_64"
	Is64Bits="1"
	VendorString="GenuineIntel"
	VendorID="Intel Corporation"
	FamilyID="6"
	ModelID="186"
	ProcessorCacheSize="24576"
	NumberOfLogicalCPU="20"
	NumberOfPhysicalCPU="14"
	TotalVirtualMemory="7812"
	TotalPhysicalMemory="15701"
	LogicalProcessorsPerPhysical="1"
	ProcessorClockFrequency="400.443"
	>
	<Testing>
		<StartDateTime>Jan 06 17:07 CST</StartDateTime>
		<StartTestTime>1736154438</StartTestTime>
		<TestList/>
		<EndDateTime>Jan 06 17:07 CST</EndDateTime>
		<EndTestTime>1736154438</EndTestTime>
		<ElapsedMinutes>0</ElapsedMinutes>
	</Testing>
</Site>
